Arguments: 
  /Users/lebontim/.nvm/versions/node/v16.14.0/bin/node /opt/homebrew/Cellar/yarn/1.22.17_2/libexec/bin/yarn.js release:prepatch

PATH: 
  /Users/lebontim/.nvm/versions/node/v16.14.0/bin:/Users/lebontim/.nvm/versions/node/v15.14.0/bin:/usr/local/opt/crowdin@3/bin:/Users/lebontim/.yarn/bin:/Users/lebontim/.config/yarn/global/node_modules/.bin:/opt/homebrew/bin:/opt/homebrew/sbin:/usr/local/bin:/usr/bin:/bin:/usr/sbin:/sbin:/usr/local/go/bin:/usr/local/share/dotnet:/Users/lebontim/.nvm/versions/node/v14.17.6/bin:/usr/local/opt/crowdin@3/bin:/Users/lebontim/.yarn/bin:/Users/lebontim/.config/yarn/global/node_modules/.bin:/Users/lebontim/.fig/bin

Yarn version: 
  1.22.17

Node version: 
  16.14.0

Platform: 
  darwin x64

Trace: 
  SyntaxError: /Users/lebontim/wireapp/wire-web-config-wire/package.json: Unexpected token < in JSON at position 583
      at JSON.parse (<anonymous>)
      at /opt/homebrew/Cellar/yarn/1.22.17_2/libexec/lib/cli.js:1625:59
      at Generator.next (<anonymous>)
      at step (/opt/homebrew/Cellar/yarn/1.22.17_2/libexec/lib/cli.js:310:30)
      at /opt/homebrew/Cellar/yarn/1.22.17_2/libexec/lib/cli.js:321:13

npm manifest: 
  {
    "dependencies": {},
    "license": "GPL-3.0",
    "name": "wire-web-config-default",
    "private": true,
    "repository": {
      "type": "git",
      "url": "https://github.com/wireapp/wire-web-config-default.git"
    },
    "scripts": {
      "release:major": "npm version major",
      "release:minor": "npm version minor",
      "release:patch": "npm version patch",
      "release:prepatch": "npm version prepatch",
      "postversion": "git push --follow-tags",
      "sync": "git checkout master && git pull && git fetch upstream && git merge upstream/master && git push origin --follow-tags"
    },
  <<<<<<< HEAD
    "version": "0.29.6-0"
  =======
    "version": "0.29.6"
  >>>>>>> upstream/master
  }

yarn manifest: 
  No manifest

Lockfile: 
  # THIS IS AN AUTOGENERATED FILE. DO NOT EDIT THIS FILE DIRECTLY.
  # yarn lockfile v1
